c:\users\angel\desktop\aulas\2 semestre\oop 244\oop-project-main\ms5\debug\vc142.pdb
c:\users\angel\desktop\aulas\2 semestre\oop 244\oop-project-main\ms5\debug\vc142.idb
c:\users\angel\desktop\aulas\2 semestre\oop 244\oop-project-main\ms5\debug\utils.obj
c:\users\angel\desktop\aulas\2 semestre\oop 244\oop-project-main\ms5\debug\triagepatient.obj
c:\users\angel\desktop\aulas\2 semestre\oop 244\oop-project-main\ms5\debug\time.obj
c:\users\angel\desktop\aulas\2 semestre\oop 244\oop-project-main\ms5\debug\ticket.obj
c:\users\angel\desktop\aulas\2 semestre\oop 244\oop-project-main\ms5\debug\pretriage.obj
c:\users\angel\desktop\aulas\2 semestre\oop 244\oop-project-main\ms5\debug\patient.obj
c:\users\angel\desktop\aulas\2 semestre\oop 244\oop-project-main\ms5\debug\menu.obj
c:\users\angel\desktop\aulas\2 semestre\oop 244\oop-project-main\ms5\debug\ioable.obj
c:\users\angel\desktop\aulas\2 semestre\oop 244\oop-project-main\ms5\debug\fptester.obj
c:\users\angel\desktop\aulas\2 semestre\oop 244\oop-project-main\ms5\debug\covidpatient.obj
c:\users\angel\desktop\aulas\2 semestre\oop 244\oop-project-main\ms5\debug\fp.ilk
c:\users\angel\desktop\aulas\2 semestre\oop 244\oop-project-main\ms5\debug\fp.exe
c:\users\angel\desktop\aulas\2 semestre\oop 244\oop-project-main\ms5\debug\fp.pdb
c:\users\angel\desktop\aulas\2 semestre\oop 244\oop-project-main\ms5\debug\fp.tlog\cl.command.1.tlog
c:\users\angel\desktop\aulas\2 semestre\oop 244\oop-project-main\ms5\debug\fp.tlog\cl.read.1.tlog
c:\users\angel\desktop\aulas\2 semestre\oop 244\oop-project-main\ms5\debug\fp.tlog\cl.write.1.tlog
c:\users\angel\desktop\aulas\2 semestre\oop 244\oop-project-main\ms5\debug\fp.tlog\link.command.1.tlog
c:\users\angel\desktop\aulas\2 semestre\oop 244\oop-project-main\ms5\debug\fp.tlog\link.read.1.tlog
c:\users\angel\desktop\aulas\2 semestre\oop 244\oop-project-main\ms5\debug\fp.tlog\link.write.1.tlog
